2019-04-23 16:16:35,912:INFO: ...Creating the EDM dataset...
2019-04-23 17:03:20,603:INFO: ...Creating the EDM dataset...
2019-04-24 09:19:36,351:INFO: ...Creating the EDM dataset...
2019-04-24 09:44:55,981:INFO: ...Creating the EDM dataset...
2019-04-24 10:46:52,027:INFO: ...Creating the EDM dataset...
2019-04-24 10:54:08,782:INFO: ...Creating the EDM dataset...
2019-04-24 11:01:40,614:INFO: ...Creating the EDM dataset...
2019-04-24 11:22:20,267:INFO: ...Creating the EDM dataset...
2019-04-24 11:22:23,475:INFO: ...Creating the Model...
2019-04-24 11:28:51,841:INFO: ...Creating the EDM dataset...
2019-04-24 11:28:55,053:INFO: ...Creating the Model...
2019-04-24 13:12:47,562:INFO: ...Creating the EDM dataset...
2019-04-24 13:12:50,873:INFO: ...Creating the Model...
2019-04-24 14:22:20,756:INFO: ...Creating the EDM dataset...
2019-04-24 14:22:24,033:INFO: ...Creating the Model...
2019-04-24 14:44:34,209:INFO: ...Creating the EDM dataset...
2019-04-24 14:44:37,658:INFO: ...Creating the Model...
2019-04-24 14:52:59,768:INFO: ...Creating the EDM dataset...
2019-04-24 14:52:59,842:INFO: ...Creating the Model...
2019-04-24 14:53:21,590:INFO: ...Creating the EDM dataset...
2019-04-24 14:53:21,663:INFO: ...Creating the Model...
2019-04-24 14:53:23,019:INFO: Starting training for 1500 epoch(s)
2019-04-24 15:01:43,571:INFO: ...Creating the EDM dataset...
2019-04-24 15:01:43,619:INFO: ...Creating the Model...
2019-04-24 15:01:44,155:INFO: Starting training for 1500 epoch(s)
2019-04-24 15:01:48,117:INFO: Epoch 1/1500
2019-04-24 15:03:56,378:INFO: ...Creating the EDM dataset...
2019-04-24 15:05:23,731:INFO: ...Creating the EDM dataset...
2019-04-24 15:05:23,782:INFO: ...Creating the Model...
2019-04-24 15:05:24,315:INFO: Starting training for 1500 epoch(s)
2019-04-24 15:05:27,407:INFO: Epoch 1/1500
2019-04-24 15:13:25,150:INFO: ...Creating the EDM dataset...
2019-04-24 15:13:53,788:INFO: ...Creating the EDM dataset...
2019-04-24 15:13:53,837:INFO: ...Creating the Model...
2019-04-24 15:13:54,358:INFO: Starting training for 1500 epoch(s)
2019-04-24 15:13:57,444:INFO: Epoch 1/1500
2019-04-24 15:33:34,902:INFO: ...Creating the EDM dataset...
2019-04-24 15:33:34,978:INFO: ...Creating the Model...
2019-04-24 15:33:36,358:INFO: Starting training for 1500 epoch(s)
2019-04-24 15:36:47,474:INFO: ...Creating the EDM dataset...
2019-04-24 15:36:47,545:INFO: ...Creating the Model...
2019-04-24 15:43:33,573:INFO: ...Creating the EDM dataset...
2019-04-24 15:44:35,506:INFO: ...Creating the EDM dataset...
2019-04-24 15:44:35,577:INFO: ...Creating the Model...
2019-04-24 15:45:06,174:INFO: ...Creating the EDM dataset...
2019-04-24 15:45:06,246:INFO: ...Creating the Model...
2019-04-24 15:52:58,675:INFO: ...Creating the EDM dataset...
2019-04-24 15:52:58,725:INFO: ...Creating the Model...
2019-04-24 15:52:59,269:INFO: Starting training for 1500 epoch(s)
2019-04-24 15:53:02,384:INFO: Epoch 1/1500
2019-04-24 15:56:08,025:INFO: ...Creating the EDM dataset...
2019-04-24 15:56:08,097:INFO: ...Creating the Model...
2019-04-24 15:57:19,940:INFO: ...Creating the EDM dataset...
2019-04-24 15:57:20,011:INFO: ...Creating the Model...
2019-04-24 16:24:45,065:INFO: ...Creating the EDM dataset...
2019-04-24 16:24:45,117:INFO: ...Creating the Model...
2019-04-24 16:24:45,647:INFO: Starting training for 1500 epoch(s)
2019-04-24 16:24:48,775:INFO: Epoch 1/1500
2019-04-24 16:28:16,464:INFO: ...Creating the EDM dataset...
2019-04-24 16:28:16,515:INFO: ...Creating the Model...
2019-04-24 16:28:17,044:INFO: Starting training for 1500 epoch(s)
2019-04-24 16:28:20,142:INFO: Epoch 1/1500
2019-04-24 16:30:11,136:INFO: ...Creating the EDM dataset...
2019-04-24 16:30:30,569:INFO: ...Creating the EDM dataset...
2019-04-24 16:30:30,619:INFO: ...Creating the Model...
2019-04-24 16:30:31,157:INFO: Starting training for 1500 epoch(s)
2019-04-24 16:30:34,267:INFO: Epoch 1/1500
2019-04-24 17:50:58,092:INFO: ...Creating the EDM dataset...
2019-04-24 17:50:58,165:INFO: ...Creating the Model...
2019-04-24 17:53:31,898:INFO: ...Creating the EDM dataset...
2019-04-24 17:53:31,973:INFO: ...Creating the Model...
2019-04-30 16:13:34,700:INFO: Creating the datasets...
2019-04-30 16:13:57,724:INFO: Creating the model...
2019-04-30 16:13:58,256:INFO: Starting training for 1500 epoch(s)
2019-04-30 16:14:43,485:INFO: Epoch 1/1500
2019-04-30 16:31:14,851:INFO: - Train metrics: accuracy: 0.000 ; loss: 161.759
2019-04-30 16:42:42,684:INFO: - Eval metrics: accuracy: 0.000 ; loss: 67.590
2019-04-30 16:42:54,713:INFO: - Found new best accuracy, saving in C:\Users\DamonChang\Desktop\KETI_pose\edm2d\experiments\base_model\best_weights\after-epoch-1
2019-04-30 16:42:54,716:INFO: Epoch 2/1500
2019-04-30 16:53:10,804:INFO: - Train metrics: accuracy: 0.000 ; loss: 28.093
2019-04-30 16:59:27,643:INFO: - Eval metrics: accuracy: 0.000 ; loss: 37.660
2019-04-30 16:59:38,001:INFO: - Found new best accuracy, saving in C:\Users\DamonChang\Desktop\KETI_pose\edm2d\experiments\base_model\best_weights\after-epoch-2
2019-04-30 16:59:38,003:INFO: Epoch 3/1500
2019-04-30 17:09:47,812:INFO: - Train metrics: accuracy: 0.000 ; loss: 21.220
2019-04-30 17:16:06,306:INFO: - Eval metrics: accuracy: 0.000 ; loss: 20.351
2019-04-30 17:16:16,563:INFO: - Found new best accuracy, saving in C:\Users\DamonChang\Desktop\KETI_pose\edm2d\experiments\base_model\best_weights\after-epoch-3
2019-04-30 17:16:16,564:INFO: Epoch 4/1500
2019-04-30 17:26:34,778:INFO: - Train metrics: accuracy: 0.000 ; loss: 18.272
2019-04-30 17:32:55,286:INFO: - Eval metrics: accuracy: 0.000 ; loss: 24.297
2019-04-30 17:32:55,289:INFO: Epoch 5/1500
2019-04-30 17:43:26,000:INFO: - Train metrics: accuracy: 0.000 ; loss: 16.589
2019-04-30 17:49:49,839:INFO: - Eval metrics: accuracy: 0.000 ; loss: 19.351
2019-04-30 17:50:00,165:INFO: - Found new best accuracy, saving in C:\Users\DamonChang\Desktop\KETI_pose\edm2d\experiments\base_model\best_weights\after-epoch-5
2019-04-30 17:50:00,166:INFO: Epoch 6/1500
2019-04-30 18:00:22,438:INFO: - Train metrics: accuracy: 0.000 ; loss: 15.560
2019-04-30 18:06:41,096:INFO: - Eval metrics: accuracy: 0.000 ; loss: 18.042
2019-04-30 18:06:41,099:INFO: Epoch 7/1500
2019-04-30 18:16:48,703:INFO: - Train metrics: accuracy: 0.000 ; loss: 14.837
2019-04-30 18:23:01,442:INFO: - Eval metrics: accuracy: 0.000 ; loss: 16.650
2019-04-30 18:23:11,639:INFO: - Found new best accuracy, saving in C:\Users\DamonChang\Desktop\KETI_pose\edm2d\experiments\base_model\best_weights\after-epoch-7
2019-04-30 18:23:11,640:INFO: Epoch 8/1500
2019-04-30 18:33:15,562:INFO: - Train metrics: accuracy: 0.000 ; loss: 14.259
2019-04-30 18:39:24,262:INFO: - Eval metrics: accuracy: 0.000 ; loss: 15.381
2019-04-30 18:39:34,508:INFO: - Found new best accuracy, saving in C:\Users\DamonChang\Desktop\KETI_pose\edm2d\experiments\base_model\best_weights\after-epoch-8
2019-04-30 18:39:34,510:INFO: Epoch 9/1500
2019-04-30 18:49:34,334:INFO: - Train metrics: accuracy: 0.000 ; loss: 13.869
2019-04-30 18:55:43,147:INFO: - Eval metrics: accuracy: 0.000 ; loss: 33.632
2019-04-30 18:55:43,151:INFO: Epoch 10/1500
2019-04-30 19:05:46,657:INFO: - Train metrics: accuracy: 0.000 ; loss: 13.538
2019-04-30 19:11:55,256:INFO: - Eval metrics: accuracy: 0.000 ; loss: 17.414
2019-04-30 19:11:55,259:INFO: Epoch 11/1500
2019-04-30 19:22:07,303:INFO: - Train metrics: accuracy: 0.000 ; loss: 13.236
2019-04-30 19:28:19,920:INFO: - Eval metrics: accuracy: 0.000 ; loss: 15.284
2019-04-30 19:28:19,923:INFO: Epoch 12/1500
2019-04-30 19:38:09,623:INFO: - Train metrics: accuracy: 0.000 ; loss: 12.974
2019-04-30 19:44:19,810:INFO: - Eval metrics: accuracy: 0.000 ; loss: 14.667
2019-04-30 19:44:19,814:INFO: Epoch 13/1500
2019-04-30 19:54:25,388:INFO: - Train metrics: accuracy: 0.000 ; loss: 12.764
2019-04-30 20:00:38,047:INFO: - Eval metrics: accuracy: 0.000 ; loss: 13.830
2019-04-30 20:00:38,050:INFO: Epoch 14/1500
2019-04-30 20:10:44,117:INFO: - Train metrics: accuracy: 0.000 ; loss: 12.549
2019-04-30 20:16:55,692:INFO: - Eval metrics: accuracy: 0.000 ; loss: 16.954
2019-04-30 20:16:55,695:INFO: Epoch 15/1500
2019-04-30 20:26:56,822:INFO: - Train metrics: accuracy: 0.000 ; loss: 12.383
2019-04-30 20:33:10,700:INFO: - Eval metrics: accuracy: 0.000 ; loss: 14.888
2019-04-30 20:33:10,703:INFO: Epoch 16/1500
2019-04-30 20:43:12,666:INFO: - Train metrics: accuracy: 0.000 ; loss: 12.256
2019-04-30 20:49:25,474:INFO: - Eval metrics: accuracy: 0.000 ; loss: 14.088
2019-04-30 20:49:25,477:INFO: Epoch 17/1500
2019-04-30 20:59:32,430:INFO: - Train metrics: accuracy: 0.000 ; loss: 12.066
2019-04-30 21:05:47,003:INFO: - Eval metrics: accuracy: 0.000 ; loss: 14.583
2019-04-30 21:05:47,006:INFO: Epoch 18/1500
2019-04-30 21:15:49,408:INFO: - Train metrics: accuracy: 0.000 ; loss: 11.950
2019-04-30 21:22:00,124:INFO: - Eval metrics: accuracy: 0.000 ; loss: 13.423
2019-04-30 21:22:10,335:INFO: - Found new best accuracy, saving in C:\Users\DamonChang\Desktop\KETI_pose\edm2d\experiments\base_model\best_weights\after-epoch-18
2019-04-30 21:22:10,336:INFO: Epoch 19/1500
2019-04-30 21:32:06,250:INFO: - Train metrics: accuracy: 0.000 ; loss: 11.846
2019-04-30 21:38:17,535:INFO: - Eval metrics: accuracy: 0.000 ; loss: 12.127
2019-04-30 21:38:27,636:INFO: - Found new best accuracy, saving in C:\Users\DamonChang\Desktop\KETI_pose\edm2d\experiments\base_model\best_weights\after-epoch-19
2019-04-30 21:38:27,637:INFO: Epoch 20/1500
2019-04-30 21:48:33,468:INFO: - Train metrics: accuracy: 0.000 ; loss: 11.718
2019-04-30 21:54:47,264:INFO: - Eval metrics: accuracy: 0.000 ; loss: 12.457
2019-04-30 21:54:47,267:INFO: Epoch 21/1500
2019-04-30 22:04:49,268:INFO: - Train metrics: accuracy: 0.000 ; loss: 11.605
2019-04-30 22:10:58,192:INFO: - Eval metrics: accuracy: 0.000 ; loss: 12.196
2019-04-30 22:10:58,195:INFO: Epoch 22/1500
2019-04-30 22:20:59,501:INFO: - Train metrics: accuracy: 0.000 ; loss: 11.531
2019-04-30 22:27:12,908:INFO: - Eval metrics: accuracy: 0.000 ; loss: 13.194
2019-04-30 22:27:12,911:INFO: Epoch 23/1500
2019-04-30 22:37:14,702:INFO: - Train metrics: accuracy: 0.000 ; loss: 11.423
2019-04-30 22:43:27,612:INFO: - Eval metrics: accuracy: 0.000 ; loss: 14.705
2019-04-30 22:43:27,616:INFO: Epoch 24/1500
2019-04-30 22:53:38,213:INFO: - Train metrics: accuracy: 0.000 ; loss: 11.346
2019-04-30 22:59:48,217:INFO: - Eval metrics: accuracy: 0.000 ; loss: 13.344
2019-04-30 22:59:48,221:INFO: Epoch 25/1500
2019-04-30 23:09:49,799:INFO: - Train metrics: accuracy: 0.000 ; loss: 11.258
2019-04-30 23:16:03,858:INFO: - Eval metrics: accuracy: 0.000 ; loss: 12.413
2019-04-30 23:16:03,861:INFO: Epoch 26/1500
2019-04-30 23:26:01,425:INFO: - Train metrics: accuracy: 0.000 ; loss: 11.181
2019-04-30 23:32:15,151:INFO: - Eval metrics: accuracy: 0.000 ; loss: 15.839
2019-04-30 23:32:15,154:INFO: Epoch 27/1500
2019-04-30 23:41:58,796:INFO: - Train metrics: accuracy: 0.000 ; loss: 11.121
2019-04-30 23:48:09,802:INFO: - Eval metrics: accuracy: 0.000 ; loss: 19.622
2019-04-30 23:48:09,804:INFO: Epoch 28/1500
2019-04-30 23:58:17,737:INFO: - Train metrics: accuracy: 0.000 ; loss: 11.034
2019-05-01 00:04:31,304:INFO: - Eval metrics: accuracy: 0.000 ; loss: 12.695
2019-05-01 00:04:31,307:INFO: Epoch 29/1500
2019-05-01 00:14:38,133:INFO: - Train metrics: accuracy: 0.000 ; loss: 10.986
2019-05-01 00:20:48,126:INFO: - Eval metrics: accuracy: 0.000 ; loss: 17.273
2019-05-01 00:20:48,129:INFO: Epoch 30/1500
2019-05-01 00:30:51,376:INFO: - Train metrics: accuracy: 0.000 ; loss: 10.912
2019-05-01 00:37:04,043:INFO: - Eval metrics: accuracy: 0.000 ; loss: 13.732
2019-05-01 00:37:04,046:INFO: Epoch 31/1500
2019-05-01 00:47:12,383:INFO: - Train metrics: accuracy: 0.000 ; loss: 10.829
2019-05-01 00:53:23,496:INFO: - Eval metrics: accuracy: 0.000 ; loss: 12.098
2019-05-01 00:53:23,499:INFO: Epoch 32/1500
2019-05-01 01:03:31,297:INFO: - Train metrics: accuracy: 0.000 ; loss: 10.775
2019-05-01 01:09:42,853:INFO: - Eval metrics: accuracy: 0.000 ; loss: 12.683
2019-05-01 01:09:42,856:INFO: Epoch 33/1500
2019-05-01 01:19:51,359:INFO: - Train metrics: accuracy: 0.000 ; loss: 10.749
2019-05-01 01:26:05,069:INFO: - Eval metrics: accuracy: 0.000 ; loss: 11.605
2019-05-01 01:26:05,072:INFO: Epoch 34/1500
2019-05-01 01:36:08,478:INFO: - Train metrics: accuracy: 0.000 ; loss: 10.684
2019-05-01 01:42:22,430:INFO: - Eval metrics: accuracy: 0.000 ; loss: 11.826
2019-05-01 01:42:32,574:INFO: - Found new best accuracy, saving in C:\Users\DamonChang\Desktop\KETI_pose\edm2d\experiments\base_model\best_weights\after-epoch-34
2019-05-01 01:42:32,575:INFO: Epoch 35/1500
2019-05-01 01:52:28,331:INFO: - Train metrics: accuracy: 0.000 ; loss: 10.645
2019-05-01 01:58:38,127:INFO: - Eval metrics: accuracy: 0.000 ; loss: 11.721
2019-05-01 01:58:38,130:INFO: Epoch 36/1500
2019-05-01 02:08:44,002:INFO: - Train metrics: accuracy: 0.000 ; loss: 10.557
2019-05-01 02:14:54,102:INFO: - Eval metrics: accuracy: 0.000 ; loss: 11.052
2019-05-01 02:14:54,106:INFO: Epoch 37/1500
2019-05-01 02:24:46,948:INFO: - Train metrics: accuracy: 0.000 ; loss: 10.541
2019-05-01 02:31:00,172:INFO: - Eval metrics: accuracy: 0.000 ; loss: 12.653
2019-05-01 02:31:00,175:INFO: Epoch 38/1500
2019-05-01 02:40:56,395:INFO: - Train metrics: accuracy: 0.000 ; loss: 10.494
2019-05-01 02:47:08,646:INFO: - Eval metrics: accuracy: 0.000 ; loss: 13.616
2019-05-01 02:47:08,650:INFO: Epoch 39/1500
2019-05-01 02:57:09,531:INFO: - Train metrics: accuracy: 0.000 ; loss: 10.455
2019-05-01 03:03:23,509:INFO: - Eval metrics: accuracy: 0.000 ; loss: 11.573
2019-05-01 03:03:23,512:INFO: Epoch 40/1500
2019-05-01 03:13:26,480:INFO: - Train metrics: accuracy: 0.000 ; loss: 10.403
2019-05-01 03:19:37,612:INFO: - Eval metrics: accuracy: 0.000 ; loss: 11.456
2019-05-01 03:19:37,615:INFO: Epoch 41/1500
2019-05-01 03:29:48,354:INFO: - Train metrics: accuracy: 0.000 ; loss: 10.366
2019-05-01 03:36:02,262:INFO: - Eval metrics: accuracy: 0.000 ; loss: 11.746
2019-05-01 03:36:02,265:INFO: Epoch 42/1500
2019-05-01 03:46:12,675:INFO: - Train metrics: accuracy: 0.000 ; loss: 10.334
2019-05-01 03:52:27,474:INFO: - Eval metrics: accuracy: 0.000 ; loss: 11.791
2019-05-01 03:52:27,477:INFO: Epoch 43/1500
2019-05-01 04:02:35,895:INFO: - Train metrics: accuracy: 0.000 ; loss: 10.292
2019-05-01 04:08:47,807:INFO: - Eval metrics: accuracy: 0.000 ; loss: 11.165
2019-05-01 04:08:47,810:INFO: Epoch 44/1500
2019-05-01 04:18:38,970:INFO: - Train metrics: accuracy: 0.000 ; loss: 10.256
2019-05-01 04:24:49,472:INFO: - Eval metrics: accuracy: 0.000 ; loss: 11.762
2019-05-01 04:24:49,475:INFO: Epoch 45/1500
2019-05-01 04:34:50,848:INFO: - Train metrics: accuracy: 0.000 ; loss: 10.214
2019-05-01 04:41:05,500:INFO: - Eval metrics: accuracy: 0.000 ; loss: 11.124
2019-05-01 04:41:15,692:INFO: - Found new best accuracy, saving in C:\Users\DamonChang\Desktop\KETI_pose\edm2d\experiments\base_model\best_weights\after-epoch-45
2019-05-01 04:41:15,693:INFO: Epoch 46/1500
2019-05-01 04:51:26,182:INFO: - Train metrics: accuracy: 0.000 ; loss: 10.183
2019-05-01 04:57:42,762:INFO: - Eval metrics: accuracy: 0.000 ; loss: 10.711
2019-05-01 04:57:42,766:INFO: Epoch 47/1500
2019-05-01 05:07:51,710:INFO: - Train metrics: accuracy: 0.000 ; loss: 10.149
2019-05-01 05:14:03,051:INFO: - Eval metrics: accuracy: 0.000 ; loss: 12.318
2019-05-01 05:14:03,054:INFO: Epoch 48/1500
2019-05-01 05:24:21,848:INFO: - Train metrics: accuracy: 0.000 ; loss: 10.114
2019-05-01 05:30:33,514:INFO: - Eval metrics: accuracy: 0.000 ; loss: 10.694
2019-05-01 05:30:33,517:INFO: Epoch 49/1500
2019-05-01 05:40:36,639:INFO: - Train metrics: accuracy: 0.000 ; loss: 10.089
2019-05-01 05:46:47,082:INFO: - Eval metrics: accuracy: 0.000 ; loss: 11.642
2019-05-01 05:46:47,084:INFO: Epoch 50/1500
2019-05-01 05:56:40,660:INFO: - Train metrics: accuracy: 0.000 ; loss: 10.057
2019-05-01 06:02:55,022:INFO: - Eval metrics: accuracy: 0.000 ; loss: 11.476
2019-05-01 06:02:55,025:INFO: Epoch 51/1500
2019-05-01 06:12:52,155:INFO: - Train metrics: accuracy: 0.000 ; loss: 10.036
2019-05-01 06:19:05,514:INFO: - Eval metrics: accuracy: 0.000 ; loss: 12.652
2019-05-01 06:19:05,517:INFO: Epoch 52/1500
2019-05-01 06:29:06,222:INFO: - Train metrics: accuracy: 0.000 ; loss: 9.995
2019-05-01 06:35:18,394:INFO: - Eval metrics: accuracy: 0.000 ; loss: 10.568
2019-05-01 06:35:28,580:INFO: - Found new best accuracy, saving in C:\Users\DamonChang\Desktop\KETI_pose\edm2d\experiments\base_model\best_weights\after-epoch-52
2019-05-01 06:35:28,581:INFO: Epoch 53/1500
2019-05-01 06:45:33,249:INFO: - Train metrics: accuracy: 0.000 ; loss: 9.971
2019-05-01 06:51:46,821:INFO: - Eval metrics: accuracy: 0.000 ; loss: 10.603
2019-05-01 06:51:46,824:INFO: Epoch 54/1500
2019-05-01 07:01:54,801:INFO: - Train metrics: accuracy: 0.000 ; loss: 9.937
2019-05-01 07:08:06,765:INFO: - Eval metrics: accuracy: 0.000 ; loss: 10.400
2019-05-01 07:08:06,768:INFO: Epoch 55/1500
2019-05-01 07:18:13,844:INFO: - Train metrics: accuracy: 0.000 ; loss: 9.911
2019-05-01 07:24:23,797:INFO: - Eval metrics: accuracy: 0.000 ; loss: 10.702
2019-05-01 07:24:23,800:INFO: Epoch 56/1500
2019-05-01 07:34:20,930:INFO: - Train metrics: accuracy: 0.000 ; loss: 9.883
2019-05-01 07:40:33,466:INFO: - Eval metrics: accuracy: 0.000 ; loss: 10.725
2019-05-01 07:40:33,469:INFO: Epoch 57/1500
2019-05-01 07:50:37,379:INFO: - Train metrics: accuracy: 0.000 ; loss: 9.866
2019-05-01 07:56:49,278:INFO: - Eval metrics: accuracy: 0.000 ; loss: 10.410
2019-05-01 07:56:59,356:INFO: - Found new best accuracy, saving in C:\Users\DamonChang\Desktop\KETI_pose\edm2d\experiments\base_model\best_weights\after-epoch-57
2019-05-01 07:56:59,358:INFO: Epoch 58/1500
2019-05-01 08:07:06,136:INFO: - Train metrics: accuracy: 0.000 ; loss: 9.850
2019-05-01 08:13:19,711:INFO: - Eval metrics: accuracy: 0.000 ; loss: 10.800
2019-05-01 08:13:19,714:INFO: Epoch 59/1500
2019-05-01 08:23:28,487:INFO: - Train metrics: accuracy: 0.000 ; loss: 9.811
2019-05-01 08:29:39,457:INFO: - Eval metrics: accuracy: 0.000 ; loss: 11.715
2019-05-01 08:29:39,460:INFO: Epoch 60/1500
2019-05-01 08:39:43,042:INFO: - Train metrics: accuracy: 0.000 ; loss: 9.778
2019-05-01 08:45:57,963:INFO: - Eval metrics: accuracy: 0.000 ; loss: 11.292
2019-05-01 08:45:57,965:INFO: Epoch 61/1500
2019-05-01 08:55:49,478:INFO: - Train metrics: accuracy: 0.000 ; loss: 9.764
2019-05-01 09:02:03,371:INFO: - Eval metrics: accuracy: 0.000 ; loss: 10.344
2019-05-01 09:02:03,374:INFO: Epoch 62/1500
2019-05-01 09:12:08,518:INFO: - Train metrics: accuracy: 0.000 ; loss: 9.738
2019-05-01 09:18:25,785:INFO: - Eval metrics: accuracy: 0.000 ; loss: 10.338
2019-05-01 09:18:25,787:INFO: Epoch 63/1500
2019-05-01 09:28:22,112:INFO: - Train metrics: accuracy: 0.000 ; loss: 9.720
2019-05-01 09:34:37,405:INFO: - Eval metrics: accuracy: 0.000 ; loss: 10.426
2019-05-01 09:34:37,408:INFO: Epoch 64/1500
2019-05-01 09:44:33,933:INFO: - Train metrics: accuracy: 0.000 ; loss: 9.706
2019-05-01 09:50:47,818:INFO: - Eval metrics: accuracy: 0.000 ; loss: 12.071
2019-05-01 09:50:47,821:INFO: Epoch 65/1500
2019-05-01 10:00:57,657:INFO: - Train metrics: accuracy: 0.000 ; loss: 9.672
2019-05-01 10:07:09,165:INFO: - Eval metrics: accuracy: 0.000 ; loss: 10.404
2019-05-01 10:07:09,168:INFO: Epoch 66/1500
2019-05-01 10:17:14,306:INFO: - Train metrics: accuracy: 0.000 ; loss: 9.654
2019-05-01 10:23:25,843:INFO: - Eval metrics: accuracy: 0.000 ; loss: 11.134
2019-05-01 10:23:25,848:INFO: Epoch 67/1500
2019-05-01 10:33:26,685:INFO: - Train metrics: accuracy: 0.000 ; loss: 9.636
2019-05-01 10:39:37,942:INFO: - Eval metrics: accuracy: 0.000 ; loss: 10.578
2019-05-01 10:39:37,945:INFO: Epoch 68/1500
2019-05-01 10:49:36,809:INFO: - Train metrics: accuracy: 0.000 ; loss: 9.612
2019-05-01 10:55:51,978:INFO: - Eval metrics: accuracy: 0.000 ; loss: 10.069
2019-05-01 10:55:51,980:INFO: Epoch 69/1500
2019-05-01 11:06:00,229:INFO: - Train metrics: accuracy: 0.000 ; loss: 9.603
2019-05-01 11:12:15,673:INFO: - Eval metrics: accuracy: 0.000 ; loss: 10.856
2019-05-01 11:12:15,676:INFO: Epoch 70/1500
2019-05-01 11:22:23,901:INFO: - Train metrics: accuracy: 0.000 ; loss: 9.577
2019-05-01 11:28:42,773:INFO: - Eval metrics: accuracy: 0.000 ; loss: 11.905
2019-05-01 11:28:42,777:INFO: Epoch 71/1500
2019-05-01 11:38:42,833:INFO: - Train metrics: accuracy: 0.000 ; loss: 9.557
2019-05-01 11:45:02,416:INFO: - Eval metrics: accuracy: 0.000 ; loss: 10.434
2019-05-01 11:45:02,419:INFO: Epoch 72/1500
2019-05-01 11:54:48,763:INFO: - Train metrics: accuracy: 0.000 ; loss: 9.546
2019-05-01 12:01:08,854:INFO: - Eval metrics: accuracy: 0.000 ; loss: 10.555
2019-05-01 12:01:08,857:INFO: Epoch 73/1500
2019-05-01 12:11:14,349:INFO: - Train metrics: accuracy: 0.000 ; loss: 9.529
2019-05-01 12:17:34,164:INFO: - Eval metrics: accuracy: 0.000 ; loss: 11.532
2019-05-01 12:17:34,167:INFO: Epoch 74/1500
2019-05-01 12:27:37,468:INFO: - Train metrics: accuracy: 0.000 ; loss: 9.513
2019-05-01 12:33:55,372:INFO: - Eval metrics: accuracy: 0.000 ; loss: 10.390
2019-05-01 12:33:55,375:INFO: Epoch 75/1500
2019-05-01 12:44:03,597:INFO: - Train metrics: accuracy: 0.000 ; loss: 9.482
2019-05-01 12:50:24,766:INFO: - Eval metrics: accuracy: 0.000 ; loss: 10.524
2019-05-01 12:50:24,769:INFO: Epoch 76/1500
2019-05-01 13:00:29,390:INFO: - Train metrics: accuracy: 0.000 ; loss: 9.465
2019-05-01 13:06:49,405:INFO: - Eval metrics: accuracy: 0.000 ; loss: 10.359
2019-05-01 13:06:49,408:INFO: Epoch 77/1500
2019-05-01 13:16:56,661:INFO: - Train metrics: accuracy: 0.000 ; loss: 9.457
2019-05-01 13:23:18,507:INFO: - Eval metrics: accuracy: 0.000 ; loss: 10.846
2019-05-01 13:23:18,510:INFO: Epoch 78/1500
2019-05-01 13:33:16,934:INFO: - Train metrics: accuracy: 0.000 ; loss: 9.451
2019-05-01 13:39:27,482:INFO: - Eval metrics: accuracy: 0.000 ; loss: 21.272
2019-05-01 13:39:27,485:INFO: Epoch 79/1500
2019-05-01 13:49:27,776:INFO: - Train metrics: accuracy: 0.000 ; loss: 9.425
2019-05-01 13:55:41,572:INFO: - Eval metrics: accuracy: 0.000 ; loss: 11.703
2019-05-01 13:55:41,576:INFO: Epoch 80/1500
2019-05-01 14:05:45,995:INFO: - Train metrics: accuracy: 0.000 ; loss: 9.419
2019-05-01 14:12:02,125:INFO: - Eval metrics: accuracy: 0.000 ; loss: 10.956
2019-05-01 14:12:02,128:INFO: Epoch 81/1500
2019-05-01 14:22:06,721:INFO: - Train metrics: accuracy: 0.000 ; loss: 9.396
2019-05-01 14:28:19,146:INFO: - Eval metrics: accuracy: 0.000 ; loss: 10.237
2019-05-01 14:28:19,149:INFO: Epoch 82/1500
2019-05-01 14:38:29,832:INFO: - Train metrics: accuracy: 0.000 ; loss: 9.379
2019-05-01 14:44:45,007:INFO: - Eval metrics: accuracy: 0.000 ; loss: 10.119
2019-05-01 14:44:45,010:INFO: Epoch 83/1500
2019-05-01 14:54:51,035:INFO: - Train metrics: accuracy: 0.000 ; loss: 9.357
2019-05-01 15:01:05,134:INFO: - Eval metrics: accuracy: 0.000 ; loss: 11.020
2019-05-01 15:01:05,137:INFO: Epoch 84/1500
2019-05-01 15:11:12,061:INFO: - Train metrics: accuracy: 0.000 ; loss: 9.347
2019-05-01 15:17:27,443:INFO: - Eval metrics: accuracy: 0.000 ; loss: 10.763
2019-05-01 15:17:27,446:INFO: Epoch 85/1500
2019-05-01 15:27:29,581:INFO: - Train metrics: accuracy: 0.000 ; loss: 9.329
2019-05-01 15:33:40,472:INFO: - Eval metrics: accuracy: 0.000 ; loss: 12.224
2019-05-01 15:33:40,475:INFO: Epoch 86/1500
2019-05-01 15:43:36,251:INFO: - Train metrics: accuracy: 0.000 ; loss: 9.318
2019-05-01 15:49:48,257:INFO: - Eval metrics: accuracy: 0.000 ; loss: 11.104
2019-05-01 15:49:48,260:INFO: Epoch 87/1500
2019-05-01 15:59:53,687:INFO: - Train metrics: accuracy: 0.000 ; loss: 9.300
2019-05-01 16:06:05,530:INFO: - Eval metrics: accuracy: 0.000 ; loss: 10.116
2019-05-01 16:06:05,533:INFO: Epoch 88/1500
2019-05-01 16:16:06,424:INFO: - Train metrics: accuracy: 0.000 ; loss: 9.287
2019-05-01 16:22:18,020:INFO: - Eval metrics: accuracy: 0.000 ; loss: 10.368
2019-05-01 16:22:18,023:INFO: Epoch 89/1500
2019-05-01 16:32:23,179:INFO: - Train metrics: accuracy: 0.000 ; loss: 9.271
2019-05-01 16:38:35,098:INFO: - Eval metrics: accuracy: 0.000 ; loss: 10.315
2019-05-01 16:38:35,101:INFO: Epoch 90/1500
2019-05-01 16:48:36,558:INFO: - Train metrics: accuracy: 0.000 ; loss: 9.259
2019-05-01 16:54:49,977:INFO: - Eval metrics: accuracy: 0.000 ; loss: 10.984
2019-05-01 16:54:49,980:INFO: Epoch 91/1500
2019-05-01 17:04:55,863:INFO: - Train metrics: accuracy: 0.000 ; loss: 9.232
2019-05-01 17:11:08,645:INFO: - Eval metrics: accuracy: 0.000 ; loss: 11.901
2019-05-01 17:11:08,648:INFO: Epoch 92/1500
2019-05-01 17:21:12,153:INFO: - Train metrics: accuracy: 0.000 ; loss: 9.229
2019-05-01 17:27:27,005:INFO: - Eval metrics: accuracy: 0.000 ; loss: 9.907
2019-05-01 17:27:27,008:INFO: Epoch 93/1500
2019-05-01 17:37:32,295:INFO: - Train metrics: accuracy: 0.000 ; loss: 9.235
2019-05-01 17:43:45,554:INFO: - Eval metrics: accuracy: 0.000 ; loss: 10.597
2019-05-01 17:43:45,557:INFO: Epoch 94/1500
2019-05-01 17:53:55,172:INFO: - Train metrics: accuracy: 0.000 ; loss: 9.212
2019-05-01 18:00:09,269:INFO: - Eval metrics: accuracy: 0.000 ; loss: 10.427
2019-05-01 18:00:09,272:INFO: Epoch 95/1500
2019-05-01 18:10:02,159:INFO: - Train metrics: accuracy: 0.000 ; loss: 9.192
2019-05-01 18:16:18,582:INFO: - Eval metrics: accuracy: 0.000 ; loss: 9.947
2019-05-01 18:16:18,585:INFO: Epoch 96/1500
2019-05-01 18:26:30,559:INFO: - Train metrics: accuracy: 0.000 ; loss: 9.181
2019-05-01 18:32:44,661:INFO: - Eval metrics: accuracy: 0.000 ; loss: 10.117
2019-05-01 18:32:44,665:INFO: Epoch 97/1500
2019-05-01 18:42:43,336:INFO: - Train metrics: accuracy: 0.000 ; loss: 9.161
2019-05-01 18:48:55,031:INFO: - Eval metrics: accuracy: 0.000 ; loss: 10.251
2019-05-01 18:48:55,034:INFO: Epoch 98/1500
2019-05-01 18:58:53,578:INFO: - Train metrics: accuracy: 0.000 ; loss: 9.153
2019-05-01 19:05:04,600:INFO: - Eval metrics: accuracy: 0.000 ; loss: 10.724
2019-05-01 19:05:04,603:INFO: Epoch 99/1500
2019-05-01 19:15:17,489:INFO: - Train metrics: accuracy: 0.000 ; loss: 9.159
2019-05-01 19:21:29,077:INFO: - Eval metrics: accuracy: 0.000 ; loss: 11.348
2019-05-01 19:21:29,080:INFO: Epoch 100/1500
2019-05-01 19:31:36,720:INFO: - Train metrics: accuracy: 0.000 ; loss: 9.128
2019-05-01 19:37:47,962:INFO: - Eval metrics: accuracy: 0.000 ; loss: 10.437
2019-05-01 19:37:47,966:INFO: Epoch 101/1500
2019-05-01 19:47:55,683:INFO: - Train metrics: accuracy: 0.000 ; loss: 9.133
2019-05-01 19:54:09,474:INFO: - Eval metrics: accuracy: 0.000 ; loss: 9.877
2019-05-01 19:54:09,477:INFO: Epoch 102/1500
2019-05-01 20:04:16,083:INFO: - Train metrics: accuracy: 0.000 ; loss: 9.120
2019-05-01 20:10:30,277:INFO: - Eval metrics: accuracy: 0.000 ; loss: 10.425
2019-05-01 20:10:30,280:INFO: Epoch 103/1500
2019-05-01 20:20:33,111:INFO: - Train metrics: accuracy: 0.000 ; loss: 9.103
2019-05-01 20:26:47,388:INFO: - Eval metrics: accuracy: 0.000 ; loss: 10.126
2019-05-01 20:26:47,391:INFO: Epoch 104/1500
2019-05-01 20:36:55,705:INFO: - Train metrics: accuracy: 0.000 ; loss: 9.091
2019-05-01 20:43:07,837:INFO: - Eval metrics: accuracy: 0.000 ; loss: 10.137
2019-05-01 20:43:18,021:INFO: - Found new best accuracy, saving in C:\Users\DamonChang\Desktop\KETI_pose\edm2d\experiments\base_model\best_weights\after-epoch-104
2019-05-01 20:43:18,022:INFO: Epoch 105/1500
2019-05-01 20:53:19,934:INFO: - Train metrics: accuracy: 0.000 ; loss: 9.073
2019-05-01 20:59:34,820:INFO: - Eval metrics: accuracy: 0.000 ; loss: 10.823
2019-05-01 20:59:34,823:INFO: Epoch 106/1500
2019-05-01 21:09:27,259:INFO: - Train metrics: accuracy: 0.000 ; loss: 9.059
2019-05-01 21:15:41,126:INFO: - Eval metrics: accuracy: 0.000 ; loss: 10.980
2019-05-01 21:15:41,128:INFO: Epoch 107/1500
2019-05-01 21:25:47,417:INFO: - Train metrics: accuracy: 0.000 ; loss: 9.062
2019-05-01 21:31:58,873:INFO: - Eval metrics: accuracy: 0.000 ; loss: 9.502
2019-05-01 21:31:58,876:INFO: Epoch 108/1500
2019-05-01 21:42:05,740:INFO: - Train metrics: accuracy: 0.000 ; loss: 9.045
2019-05-01 21:48:21,780:INFO: - Eval metrics: accuracy: 0.000 ; loss: 9.672
2019-05-01 21:48:21,783:INFO: Epoch 109/1500
2019-05-01 21:58:27,597:INFO: - Train metrics: accuracy: 0.000 ; loss: 9.039
2019-05-01 22:04:39,901:INFO: - Eval metrics: accuracy: 0.000 ; loss: 11.119
2019-05-01 22:04:39,905:INFO: Epoch 110/1500
2019-05-01 22:14:47,974:INFO: - Train metrics: accuracy: 0.000 ; loss: 9.015
2019-05-01 22:21:02,783:INFO: - Eval metrics: accuracy: 0.000 ; loss: 10.901
2019-05-01 22:21:02,785:INFO: Epoch 111/1500
2019-05-01 22:31:02,066:INFO: - Train metrics: accuracy: 0.000 ; loss: 9.012
2019-05-01 22:37:16,473:INFO: - Eval metrics: accuracy: 0.000 ; loss: 10.902
2019-05-01 22:37:16,476:INFO: Epoch 112/1500
2019-05-01 22:47:16,322:INFO: - Train metrics: accuracy: 0.000 ; loss: 9.002
2019-05-01 22:53:31,355:INFO: - Eval metrics: accuracy: 0.000 ; loss: 10.063
2019-05-01 22:53:31,358:INFO: Epoch 113/1500
2019-05-01 23:03:39,779:INFO: - Train metrics: accuracy: 0.000 ; loss: 8.988
2019-05-01 23:09:52,624:INFO: - Eval metrics: accuracy: 0.000 ; loss: 10.431
2019-05-01 23:09:52,627:INFO: Epoch 114/1500
2019-05-01 23:19:49,963:INFO: - Train metrics: accuracy: 0.000 ; loss: 8.983
2019-05-01 23:26:00,808:INFO: - Eval metrics: accuracy: 0.000 ; loss: 9.765
2019-05-01 23:26:00,810:INFO: Epoch 115/1500
2019-05-01 23:36:04,781:INFO: - Train metrics: accuracy: 0.000 ; loss: 8.977
2019-05-01 23:42:17,721:INFO: - Eval metrics: accuracy: 0.000 ; loss: 9.710
2019-05-01 23:42:17,724:INFO: Epoch 116/1500
2019-05-01 23:52:14,063:INFO: - Train metrics: accuracy: 0.000 ; loss: 8.977
2019-05-01 23:58:24,617:INFO: - Eval metrics: accuracy: 0.000 ; loss: 9.756
2019-05-01 23:58:24,620:INFO: Epoch 117/1500
2019-05-02 00:08:36,741:INFO: - Train metrics: accuracy: 0.000 ; loss: 8.958
2019-05-02 00:14:49,524:INFO: - Eval metrics: accuracy: 0.000 ; loss: 10.130
2019-05-02 00:14:49,527:INFO: Epoch 118/1500
2019-05-02 00:24:55,487:INFO: - Train metrics: accuracy: 0.000 ; loss: 8.956
2019-05-02 00:31:11,368:INFO: - Eval metrics: accuracy: 0.000 ; loss: 10.014
2019-05-02 00:31:11,371:INFO: Epoch 119/1500
2019-05-02 00:41:12,488:INFO: - Train metrics: accuracy: 0.000 ; loss: 8.942
2019-05-02 00:47:25,040:INFO: - Eval metrics: accuracy: 0.000 ; loss: 10.323
2019-05-02 00:47:25,044:INFO: Epoch 120/1500
2019-05-02 00:57:07,066:INFO: - Train metrics: accuracy: 0.000 ; loss: 8.919
2019-05-02 01:03:18,562:INFO: - Eval metrics: accuracy: 0.000 ; loss: 9.927
2019-05-02 01:03:18,565:INFO: Epoch 121/1500
2019-05-02 01:13:24,935:INFO: - Train metrics: accuracy: 0.000 ; loss: 8.932
2019-05-02 01:19:40,630:INFO: - Eval metrics: accuracy: 0.000 ; loss: 10.819
2019-05-02 01:19:40,633:INFO: Epoch 122/1500
2019-05-02 01:29:45,657:INFO: - Train metrics: accuracy: 0.000 ; loss: 8.907
2019-05-02 01:36:00,459:INFO: - Eval metrics: accuracy: 0.000 ; loss: 10.463
2019-05-02 01:36:00,462:INFO: Epoch 123/1500
2019-05-02 01:46:05,530:INFO: - Train metrics: accuracy: 0.000 ; loss: 8.889
2019-05-02 01:52:18,947:INFO: - Eval metrics: accuracy: 0.000 ; loss: 9.639
2019-05-02 01:52:18,950:INFO: Epoch 124/1500
2019-05-02 02:02:16,166:INFO: - Train metrics: accuracy: 0.000 ; loss: 8.891
2019-05-02 02:08:31,472:INFO: - Eval metrics: accuracy: 0.000 ; loss: 9.693
2019-05-02 02:08:31,475:INFO: Epoch 125/1500
2019-05-02 02:18:37,986:INFO: - Train metrics: accuracy: 0.000 ; loss: 8.890
2019-05-02 02:24:50,668:INFO: - Eval metrics: accuracy: 0.000 ; loss: 9.876
2019-05-02 02:24:50,671:INFO: Epoch 126/1500
2019-05-02 02:34:51,387:INFO: - Train metrics: accuracy: 0.000 ; loss: 8.868
2019-05-02 02:41:04,377:INFO: - Eval metrics: accuracy: 0.000 ; loss: 9.779
2019-05-02 02:41:04,380:INFO: Epoch 127/1500
2019-05-02 02:50:59,755:INFO: - Train metrics: accuracy: 0.000 ; loss: 8.859
2019-05-02 02:57:14,727:INFO: - Eval metrics: accuracy: 0.000 ; loss: 9.637
2019-05-02 02:57:14,730:INFO: Epoch 128/1500
2019-05-02 03:07:24,331:INFO: - Train metrics: accuracy: 0.000 ; loss: 8.860
2019-05-02 03:13:38,106:INFO: - Eval metrics: accuracy: 0.000 ; loss: 14.227
2019-05-02 03:13:38,109:INFO: Epoch 129/1500
2019-05-02 03:23:39,415:INFO: - Train metrics: accuracy: 0.000 ; loss: 8.835
2019-05-02 03:29:53,323:INFO: - Eval metrics: accuracy: 0.000 ; loss: 9.899
2019-05-02 03:29:53,326:INFO: Epoch 130/1500
2019-05-02 03:39:58,884:INFO: - Train metrics: accuracy: 0.000 ; loss: 8.835
2019-05-02 03:46:14,751:INFO: - Eval metrics: accuracy: 0.000 ; loss: 10.157
2019-05-02 03:46:14,754:INFO: Epoch 131/1500
2019-05-02 03:56:20,382:INFO: - Train metrics: accuracy: 0.000 ; loss: 8.828
2019-05-02 04:02:35,819:INFO: - Eval metrics: accuracy: 0.000 ; loss: 9.707
2019-05-02 04:02:35,822:INFO: Epoch 132/1500
2019-05-02 04:12:37,915:INFO: - Train metrics: accuracy: 0.000 ; loss: 8.820
2019-05-02 04:18:48,260:INFO: - Eval metrics: accuracy: 0.000 ; loss: 9.818
2019-05-02 04:18:48,263:INFO: Epoch 133/1500
2019-05-02 04:28:51,099:INFO: - Train metrics: accuracy: 0.000 ; loss: 8.807
2019-05-02 04:35:04,026:INFO: - Eval metrics: accuracy: 0.000 ; loss: 9.883
2019-05-02 04:35:04,029:INFO: Epoch 134/1500
2019-05-02 04:45:10,145:INFO: - Train metrics: accuracy: 0.000 ; loss: 8.812
2019-05-02 04:51:22,465:INFO: - Eval metrics: accuracy: 0.000 ; loss: 9.658
2019-05-02 04:51:22,468:INFO: Epoch 135/1500
2019-05-02 05:01:30,641:INFO: - Train metrics: accuracy: 0.000 ; loss: 8.809
2019-05-02 05:07:46,803:INFO: - Eval metrics: accuracy: 0.000 ; loss: 12.103
2019-05-02 05:07:46,810:INFO: Epoch 136/1500
2019-05-02 05:18:01,199:INFO: - Train metrics: accuracy: 0.000 ; loss: 8.795
2019-05-02 05:24:16,483:INFO: - Eval metrics: accuracy: 0.000 ; loss: 9.692
2019-05-02 05:24:16,485:INFO: Epoch 137/1500
2019-05-02 05:34:20,442:INFO: - Train metrics: accuracy: 0.000 ; loss: 8.792
2019-05-02 05:40:31,083:INFO: - Eval metrics: accuracy: 0.000 ; loss: 9.941
2019-05-02 05:40:31,086:INFO: Epoch 138/1500
2019-05-02 05:50:24,850:INFO: - Train metrics: accuracy: 0.000 ; loss: 8.782
2019-05-02 05:56:39,692:INFO: - Eval metrics: accuracy: 0.000 ; loss: 9.792
2019-05-02 05:56:39,696:INFO: Epoch 139/1500
2019-05-02 06:06:47,802:INFO: - Train metrics: accuracy: 0.000 ; loss: 8.771
2019-05-02 06:13:04,453:INFO: - Eval metrics: accuracy: 0.000 ; loss: 9.881
2019-05-02 06:13:04,456:INFO: Epoch 140/1500
2019-05-02 06:23:00,160:INFO: - Train metrics: accuracy: 0.000 ; loss: 8.757
2019-05-02 06:29:15,456:INFO: - Eval metrics: accuracy: 0.000 ; loss: 9.876
2019-05-02 06:29:15,459:INFO: Epoch 141/1500
2019-05-02 06:39:12,984:INFO: - Train metrics: accuracy: 0.000 ; loss: 8.750
2019-05-02 06:45:30,047:INFO: - Eval metrics: accuracy: 0.000 ; loss: 10.077
2019-05-02 06:45:30,049:INFO: Epoch 142/1500
2019-05-02 06:55:33,270:INFO: - Train metrics: accuracy: 0.000 ; loss: 8.740
2019-05-02 07:01:47,030:INFO: - Eval metrics: accuracy: 0.000 ; loss: 9.688
2019-05-02 07:01:47,033:INFO: Epoch 143/1500
2019-05-02 07:11:53,438:INFO: - Train metrics: accuracy: 0.000 ; loss: 8.742
2019-05-02 07:18:08,395:INFO: - Eval metrics: accuracy: 0.000 ; loss: 9.708
2019-05-02 07:18:08,398:INFO: Epoch 144/1500
2019-05-02 07:28:16,712:INFO: - Train metrics: accuracy: 0.000 ; loss: 8.723
2019-05-02 07:34:29,175:INFO: - Eval metrics: accuracy: 0.000 ; loss: 10.735
2019-05-02 07:34:29,178:INFO: Epoch 145/1500
2019-05-02 07:44:26,654:INFO: - Train metrics: accuracy: 0.000 ; loss: 8.728
2019-05-02 07:50:43,035:INFO: - Eval metrics: accuracy: 0.000 ; loss: 10.174
2019-05-02 07:50:43,039:INFO: Epoch 146/1500
2019-05-02 08:00:40,405:INFO: - Train metrics: accuracy: 0.000 ; loss: 8.715
2019-05-02 08:06:55,447:INFO: - Eval metrics: accuracy: 0.000 ; loss: 10.852
2019-05-02 08:06:55,450:INFO: Epoch 147/1500
2019-05-02 08:16:57,326:INFO: - Train metrics: accuracy: 0.000 ; loss: 8.705
2019-05-02 08:23:15,709:INFO: - Eval metrics: accuracy: 0.000 ; loss: 9.713
2019-05-02 08:23:15,712:INFO: Epoch 148/1500
2019-05-02 08:33:21,779:INFO: - Train metrics: accuracy: 0.000 ; loss: 8.706
2019-05-02 08:39:37,559:INFO: - Eval metrics: accuracy: 0.000 ; loss: 11.245
2019-05-02 08:39:37,562:INFO: Epoch 149/1500
2019-05-02 08:49:48,052:INFO: - Train metrics: accuracy: 0.000 ; loss: 8.696
2019-05-02 08:56:02,137:INFO: - Eval metrics: accuracy: 0.000 ; loss: 9.751
2019-05-02 08:56:02,140:INFO: Epoch 150/1500
2019-05-02 09:09:45,239:INFO: Creating the datasets...
2019-05-02 09:11:07,199:INFO: Creating the datasets...
2019-05-02 09:11:30,663:INFO: Creating the model...
2019-05-02 09:11:31,199:INFO: Starting training for 1500 epoch(s)
2019-05-02 09:11:36,083:INFO: Restoring parameters from C:\Users\DamonChang\Desktop\KETI_pose\edm2d\experiments\base_model\last_weights
2019-05-02 09:11:36,093:INFO: Restoring parameters from C:\Users\DamonChang\Desktop\KETI_pose\edm2d\experiments\base_model\last_weights\after-epoch-149
2019-05-02 09:12:17,146:INFO: Epoch 150/1649
2019-05-02 09:24:00,086:INFO: - Train metrics: accuracy: 0.000 ; loss: 8.692
2019-05-02 09:31:19,342:INFO: - Eval metrics: accuracy: 0.000 ; loss: 9.412
2019-05-02 09:31:31,288:INFO: - Found new best accuracy, saving in C:\Users\DamonChang\Desktop\KETI_pose\edm2d\experiments\base_model\best_weights\after-epoch-150
2019-05-02 09:31:31,289:INFO: Epoch 151/1649
2019-05-02 09:41:21,952:INFO: - Train metrics: accuracy: 0.000 ; loss: 8.685
2019-05-02 09:47:37,439:INFO: - Eval metrics: accuracy: 0.000 ; loss: 9.451
2019-05-02 09:47:47,503:INFO: - Found new best accuracy, saving in C:\Users\DamonChang\Desktop\KETI_pose\edm2d\experiments\base_model\best_weights\after-epoch-151
2019-05-02 09:47:47,504:INFO: Epoch 152/1649
2019-05-02 09:57:40,919:INFO: - Train metrics: accuracy: 0.000 ; loss: 8.677
2019-05-02 10:02:16,866:INFO: Creating the datasets...
2019-05-02 10:05:37,705:INFO: Creating the datasets...
2019-05-02 10:19:37,656:INFO: Creating the datasets...
2019-05-02 13:46:32,450:INFO: Creating the datasets...
2019-05-02 13:46:57,229:INFO: Creating the model...
2019-05-02 13:46:57,770:INFO: Starting training for 15 epoch(s)
2019-05-02 13:47:42,335:INFO: Epoch 1/15
2019-05-02 14:00:01,745:INFO: - Train metrics: accuracy: 0.000 ; loss: 158.369
2019-05-02 14:07:03,598:INFO: - Eval metrics: accuracy: 0.000 ; loss: 78.762
2019-05-02 14:07:15,499:INFO: - Found new best accuracy, saving in C:\Users\DamonChang\Desktop\KETI_pose\edm2d\experiments\base_model\best_weights\after-epoch-1
2019-05-02 14:07:15,501:INFO: Epoch 2/15
2019-05-02 14:10:44,373:INFO: Creating the datasets...
2019-05-02 14:11:07,504:INFO: Creating the model...
2019-05-02 14:11:08,035:INFO: Starting training for 15 epoch(s)
2019-05-02 14:11:12,003:INFO: Restoring parameters from C:\Users\DamonChang\Desktop\KETI_pose\edm2d\experiments\base_model\last_weights
2019-05-02 14:11:12,010:INFO: Restoring parameters from C:\Users\DamonChang\Desktop\KETI_pose\edm2d\experiments\base_model\last_weights\after-epoch-1
2019-05-02 14:11:52,497:INFO: Epoch 2/16
2019-05-02 14:22:49,799:INFO: - Train metrics: accuracy: 0.000 ; loss: 28.843
2019-05-02 14:29:21,129:INFO: - Eval metrics: accuracy: 0.000 ; loss: 70.777
2019-05-02 14:29:33,028:INFO: - Found new best accuracy, saving in C:\Users\DamonChang\Desktop\KETI_pose\edm2d\experiments\base_model\best_weights\after-epoch-2
2019-05-02 14:29:33,029:INFO: Epoch 3/16
2019-05-02 14:40:08,786:INFO: - Train metrics: accuracy: 0.000 ; loss: 21.479
2019-05-02 14:46:27,954:INFO: - Eval metrics: accuracy: 0.000 ; loss: 26.562
2019-05-02 14:46:38,447:INFO: - Found new best accuracy, saving in C:\Users\DamonChang\Desktop\KETI_pose\edm2d\experiments\base_model\best_weights\after-epoch-3
2019-05-02 14:46:38,448:INFO: Epoch 4/16
2019-05-02 14:51:13,161:INFO: Creating the datasets...
2019-05-02 15:07:36,392:INFO: Creating the datasets...
2019-05-02 15:09:15,663:INFO: Creating the datasets...
2019-05-02 15:09:17,723:INFO: Creating the model...
2019-05-02 15:09:18,321:INFO: Starting training for 15 epoch(s)
2019-05-02 15:09:21,679:INFO: Epoch 1/15
2019-05-02 15:09:23,548:INFO: - Train metrics: accuracy: 0.000 ; loss: 2.032
2019-05-02 15:09:25,462:INFO: - Eval metrics: accuracy: 0.000 ; loss: 0.167
2019-05-02 15:09:26,113:INFO: - Found new best accuracy, saving in C:\Users\DamonChang\Desktop\KETI_pose\edm2d\experiments\base_model\best_weights\after-epoch-1
2019-05-02 15:09:26,115:INFO: Epoch 2/15
2019-05-02 15:09:26,582:INFO: - Train metrics: accuracy: 0.000 ; loss: 0.252
2019-05-02 15:09:27,968:INFO: - Eval metrics: accuracy: 0.000 ; loss: 0.100
2019-05-02 15:09:28,605:INFO: - Found new best accuracy, saving in C:\Users\DamonChang\Desktop\KETI_pose\edm2d\experiments\base_model\best_weights\after-epoch-2
2019-05-02 15:09:28,606:INFO: Epoch 3/15
2019-05-02 15:09:29,062:INFO: - Train metrics: accuracy: 0.000 ; loss: 0.088
2019-05-02 15:09:30,475:INFO: - Eval metrics: accuracy: 0.000 ; loss: 0.087
2019-05-02 15:09:31,062:INFO: - Found new best accuracy, saving in C:\Users\DamonChang\Desktop\KETI_pose\edm2d\experiments\base_model\best_weights\after-epoch-3
2019-05-02 15:09:31,063:INFO: Epoch 4/15
2019-05-02 15:09:31,555:INFO: - Train metrics: accuracy: 0.000 ; loss: 0.054
2019-05-02 15:09:32,970:INFO: - Eval metrics: accuracy: 0.000 ; loss: 0.068
2019-05-02 15:09:33,589:INFO: - Found new best accuracy, saving in C:\Users\DamonChang\Desktop\KETI_pose\edm2d\experiments\base_model\best_weights\after-epoch-4
2019-05-02 15:09:33,590:INFO: Epoch 5/15
2019-05-02 15:09:34,067:INFO: - Train metrics: accuracy: 0.000 ; loss: 0.039
2019-05-02 15:09:35,450:INFO: - Eval metrics: accuracy: 0.000 ; loss: 0.053
2019-05-02 15:09:36,067:INFO: - Found new best accuracy, saving in C:\Users\DamonChang\Desktop\KETI_pose\edm2d\experiments\base_model\best_weights\after-epoch-5
2019-05-02 15:09:36,068:INFO: Epoch 6/15
2019-05-02 15:09:36,522:INFO: - Train metrics: accuracy: 0.000 ; loss: 0.028
2019-05-02 15:09:37,923:INFO: - Eval metrics: accuracy: 0.000 ; loss: 0.040
2019-05-02 15:09:38,544:INFO: - Found new best accuracy, saving in C:\Users\DamonChang\Desktop\KETI_pose\edm2d\experiments\base_model\best_weights\after-epoch-6
2019-05-02 15:09:38,545:INFO: Epoch 7/15
2019-05-02 15:09:39,017:INFO: - Train metrics: accuracy: 0.000 ; loss: 0.020
2019-05-02 15:09:40,393:INFO: - Eval metrics: accuracy: 0.000 ; loss: 0.034
2019-05-02 15:09:41,003:INFO: - Found new best accuracy, saving in C:\Users\DamonChang\Desktop\KETI_pose\edm2d\experiments\base_model\best_weights\after-epoch-7
2019-05-02 15:09:41,004:INFO: Epoch 8/15
2019-05-02 15:09:41,455:INFO: - Train metrics: accuracy: 0.000 ; loss: 0.019
2019-05-02 15:09:42,840:INFO: - Eval metrics: accuracy: 0.000 ; loss: 0.030
2019-05-02 15:09:43,425:INFO: - Found new best accuracy, saving in C:\Users\DamonChang\Desktop\KETI_pose\edm2d\experiments\base_model\best_weights\after-epoch-8
2019-05-02 15:09:43,426:INFO: Epoch 9/15
2019-05-02 15:09:43,902:INFO: - Train metrics: accuracy: 0.000 ; loss: 0.016
2019-05-02 15:09:45,298:INFO: - Eval metrics: accuracy: 0.000 ; loss: 0.026
2019-05-02 15:09:45,910:INFO: - Found new best accuracy, saving in C:\Users\DamonChang\Desktop\KETI_pose\edm2d\experiments\base_model\best_weights\after-epoch-9
2019-05-02 15:09:45,912:INFO: Epoch 10/15
2019-05-02 15:09:46,403:INFO: - Train metrics: accuracy: 0.000 ; loss: 0.014
2019-05-02 15:09:47,790:INFO: - Eval metrics: accuracy: 0.000 ; loss: 0.022
2019-05-02 15:09:48,378:INFO: - Found new best accuracy, saving in C:\Users\DamonChang\Desktop\KETI_pose\edm2d\experiments\base_model\best_weights\after-epoch-10
2019-05-02 15:09:48,379:INFO: Epoch 11/15
2019-05-02 15:09:48,865:INFO: - Train metrics: accuracy: 0.000 ; loss: 0.013
2019-05-02 15:09:50,253:INFO: - Eval metrics: accuracy: 0.000 ; loss: 0.018
2019-05-02 15:09:50,870:INFO: - Found new best accuracy, saving in C:\Users\DamonChang\Desktop\KETI_pose\edm2d\experiments\base_model\best_weights\after-epoch-11
2019-05-02 15:09:50,871:INFO: Epoch 12/15
2019-05-02 15:09:51,352:INFO: - Train metrics: accuracy: 0.000 ; loss: 0.012
2019-05-02 15:09:52,770:INFO: - Eval metrics: accuracy: 0.000 ; loss: 0.015
2019-05-02 15:09:53,360:INFO: - Found new best accuracy, saving in C:\Users\DamonChang\Desktop\KETI_pose\edm2d\experiments\base_model\best_weights\after-epoch-12
2019-05-02 15:09:53,362:INFO: Epoch 13/15
2019-05-02 15:09:53,864:INFO: - Train metrics: accuracy: 0.000 ; loss: 0.012
2019-05-02 15:09:55,300:INFO: - Eval metrics: accuracy: 0.000 ; loss: 0.013
2019-05-02 15:09:55,922:INFO: - Found new best accuracy, saving in C:\Users\DamonChang\Desktop\KETI_pose\edm2d\experiments\base_model\best_weights\after-epoch-13
2019-05-02 15:09:55,923:INFO: Epoch 14/15
2019-05-02 15:09:56,396:INFO: - Train metrics: accuracy: 0.000 ; loss: 0.011
2019-05-02 15:09:57,777:INFO: - Eval metrics: accuracy: 0.000 ; loss: 0.012
2019-05-02 15:09:58,390:INFO: - Found new best accuracy, saving in C:\Users\DamonChang\Desktop\KETI_pose\edm2d\experiments\base_model\best_weights\after-epoch-14
2019-05-02 15:09:58,391:INFO: Epoch 15/15
2019-05-02 15:09:58,857:INFO: - Train metrics: accuracy: 0.000 ; loss: 0.011
2019-05-02 15:10:00,280:INFO: - Eval metrics: accuracy: 0.000 ; loss: 0.011
2019-05-02 15:10:00,899:INFO: - Found new best accuracy, saving in C:\Users\DamonChang\Desktop\KETI_pose\edm2d\experiments\base_model\best_weights\after-epoch-15
2019-05-02 15:16:07,261:INFO: Creating the datasets...
2019-05-02 15:16:09,361:INFO: Creating the model...
2019-05-02 15:16:09,947:INFO: Starting training for 15 epoch(s)
2019-05-02 15:16:13,311:INFO: Epoch 1/15
2019-05-02 15:16:15,149:INFO: - Train metrics: accuracy: 0.000 ; loss: 2.205
2019-05-02 15:16:16,691:INFO: - Eval metrics: 0.000 ; 0.116
2019-05-02 15:16:17,333:INFO: - Found new best accuracy, saving in C:\Users\DamonChang\Desktop\KETI_pose\edm2d\experiments\base_model\best_weights\after-epoch-1
2019-05-02 15:16:17,335:INFO: Epoch 2/15
2019-05-02 15:16:17,826:INFO: - Train metrics: accuracy: 0.000 ; loss: 0.372
2019-05-02 15:16:19,203:INFO: - Eval metrics: 0.000 ; 0.060
2019-05-02 15:16:19,825:INFO: - Found new best accuracy, saving in C:\Users\DamonChang\Desktop\KETI_pose\edm2d\experiments\base_model\best_weights\after-epoch-2
2019-05-02 15:16:19,826:INFO: Epoch 3/15
2019-05-02 15:16:20,284:INFO: - Train metrics: accuracy: 0.000 ; loss: 0.102
2019-05-02 15:16:21,716:INFO: - Eval metrics: 0.000 ; 0.058
2019-05-02 15:16:22,296:INFO: - Found new best accuracy, saving in C:\Users\DamonChang\Desktop\KETI_pose\edm2d\experiments\base_model\best_weights\after-epoch-3
2019-05-02 15:16:22,298:INFO: Epoch 4/15
2019-05-02 15:16:22,763:INFO: - Train metrics: accuracy: 0.000 ; loss: 0.038
2019-05-02 15:16:24,220:INFO: - Eval metrics: 0.000 ; 0.053
2019-05-02 15:16:24,866:INFO: - Found new best accuracy, saving in C:\Users\DamonChang\Desktop\KETI_pose\edm2d\experiments\base_model\best_weights\after-epoch-4
2019-05-02 15:16:24,867:INFO: Epoch 5/15
2019-05-02 15:16:25,350:INFO: - Train metrics: accuracy: 0.000 ; loss: 0.040
2019-05-02 15:16:26,732:INFO: - Eval metrics: 0.000 ; 0.043
2019-05-02 15:16:27,346:INFO: - Found new best accuracy, saving in C:\Users\DamonChang\Desktop\KETI_pose\edm2d\experiments\base_model\best_weights\after-epoch-5
2019-05-02 15:16:27,347:INFO: Epoch 6/15
2019-05-02 15:16:27,814:INFO: - Train metrics: accuracy: 0.000 ; loss: 0.027
2019-05-02 15:16:29,240:INFO: - Eval metrics: 0.000 ; 0.040
2019-05-02 15:16:29,865:INFO: - Found new best accuracy, saving in C:\Users\DamonChang\Desktop\KETI_pose\edm2d\experiments\base_model\best_weights\after-epoch-6
2019-05-02 15:16:29,866:INFO: Epoch 7/15
2019-05-02 15:16:30,329:INFO: - Train metrics: accuracy: 0.000 ; loss: 0.022
2019-05-02 15:16:31,723:INFO: - Eval metrics: 0.000 ; 0.036
2019-05-02 15:16:32,329:INFO: - Found new best accuracy, saving in C:\Users\DamonChang\Desktop\KETI_pose\edm2d\experiments\base_model\best_weights\after-epoch-7
2019-05-02 15:16:32,330:INFO: Epoch 8/15
2019-05-02 15:16:32,826:INFO: - Train metrics: accuracy: 0.000 ; loss: 0.017
2019-05-02 15:16:34,231:INFO: - Eval metrics: 0.000 ; 0.029
2019-05-02 15:16:34,822:INFO: - Found new best accuracy, saving in C:\Users\DamonChang\Desktop\KETI_pose\edm2d\experiments\base_model\best_weights\after-epoch-8
2019-05-02 15:16:34,823:INFO: Epoch 9/15
2019-05-02 15:16:35,295:INFO: - Train metrics: accuracy: 0.000 ; loss: 0.015
2019-05-02 15:16:36,697:INFO: - Eval metrics: 0.000 ; 0.024
2019-05-02 15:16:37,299:INFO: - Found new best accuracy, saving in C:\Users\DamonChang\Desktop\KETI_pose\edm2d\experiments\base_model\best_weights\after-epoch-9
2019-05-02 15:16:37,301:INFO: Epoch 10/15
2019-05-02 15:16:37,759:INFO: - Train metrics: accuracy: 0.000 ; loss: 0.014
2019-05-02 15:16:39,199:INFO: - Eval metrics: 0.000 ; 0.021
2019-05-02 15:16:39,773:INFO: - Found new best accuracy, saving in C:\Users\DamonChang\Desktop\KETI_pose\edm2d\experiments\base_model\best_weights\after-epoch-10
2019-05-02 15:16:39,774:INFO: Epoch 11/15
2019-05-02 15:16:40,252:INFO: - Train metrics: accuracy: 0.000 ; loss: 0.013
2019-05-02 15:16:41,659:INFO: - Eval metrics: 0.000 ; 0.017
2019-05-02 15:16:42,266:INFO: - Found new best accuracy, saving in C:\Users\DamonChang\Desktop\KETI_pose\edm2d\experiments\base_model\best_weights\after-epoch-11
2019-05-02 15:16:42,267:INFO: Epoch 12/15
2019-05-02 15:16:42,784:INFO: - Train metrics: accuracy: 0.000 ; loss: 0.012
2019-05-02 15:16:44,209:INFO: - Eval metrics: 0.000 ; 0.014
2019-05-02 15:16:44,792:INFO: - Found new best accuracy, saving in C:\Users\DamonChang\Desktop\KETI_pose\edm2d\experiments\base_model\best_weights\after-epoch-12
2019-05-02 15:16:44,793:INFO: Epoch 13/15
2019-05-02 15:16:45,282:INFO: - Train metrics: accuracy: 0.000 ; loss: 0.011
2019-05-02 15:16:46,712:INFO: - Eval metrics: 0.000 ; 0.012
2019-05-02 15:16:47,333:INFO: - Found new best accuracy, saving in C:\Users\DamonChang\Desktop\KETI_pose\edm2d\experiments\base_model\best_weights\after-epoch-13
2019-05-02 15:16:47,334:INFO: Epoch 14/15
2019-05-02 15:16:47,859:INFO: - Train metrics: accuracy: 0.000 ; loss: 0.011
2019-05-02 15:16:49,248:INFO: - Eval metrics: 0.000 ; 0.012
2019-05-02 15:16:49,854:INFO: - Found new best accuracy, saving in C:\Users\DamonChang\Desktop\KETI_pose\edm2d\experiments\base_model\best_weights\after-epoch-14
2019-05-02 15:16:49,855:INFO: Epoch 15/15
2019-05-02 15:16:50,333:INFO: - Train metrics: accuracy: 0.000 ; loss: 0.010
2019-05-02 15:16:51,759:INFO: - Eval metrics: 0.000 ; 0.011
2019-05-02 15:16:52,378:INFO: - Found new best accuracy, saving in C:\Users\DamonChang\Desktop\KETI_pose\edm2d\experiments\base_model\best_weights\after-epoch-15
2019-05-02 15:17:22,430:INFO: Creating the datasets...
2019-05-02 15:17:24,488:INFO: Creating the model...
2019-05-02 15:17:25,086:INFO: Starting training for 15 epoch(s)
2019-05-02 15:17:28,381:INFO: Epoch 1/15
2019-05-02 15:17:29,813:INFO: - Train metrics: accuracy: 0.000 ; loss: 1.382
2019-05-02 15:17:30,594:INFO: - Eval metrics: accuracy: 0.000 ; loss: 0.178
2019-05-02 15:17:31,220:INFO: - Found new best accuracy, saving in C:\Users\DamonChang\Desktop\KETI_pose\edm2d\experiments\base_model\best_weights\after-epoch-1
2019-05-02 15:17:31,222:INFO: Epoch 2/15
2019-05-02 15:17:31,278:INFO: - Train metrics: accuracy: 0.000 ; loss: 5.566
2019-05-02 15:17:31,940:INFO: - Eval metrics: accuracy: 0.000 ; loss: 0.169
2019-05-02 15:17:32,535:INFO: - Found new best accuracy, saving in C:\Users\DamonChang\Desktop\KETI_pose\edm2d\experiments\base_model\best_weights\after-epoch-2
2019-05-02 15:17:32,537:INFO: Epoch 3/15
2019-05-02 15:17:32,590:INFO: - Train metrics: accuracy: 0.000 ; loss: 1.109
2019-05-02 15:17:33,271:INFO: - Eval metrics: accuracy: 0.000 ; loss: 0.167
2019-05-02 15:17:33,855:INFO: - Found new best accuracy, saving in C:\Users\DamonChang\Desktop\KETI_pose\edm2d\experiments\base_model\best_weights\after-epoch-3
2019-05-02 15:17:33,857:INFO: Epoch 4/15
2019-05-02 15:17:33,919:INFO: - Train metrics: accuracy: 0.000 ; loss: 1.334
2019-05-02 15:17:34,589:INFO: - Eval metrics: accuracy: 0.000 ; loss: 0.168
2019-05-02 15:17:35,205:INFO: - Found new best accuracy, saving in C:\Users\DamonChang\Desktop\KETI_pose\edm2d\experiments\base_model\best_weights\after-epoch-4
2019-05-02 15:17:35,207:INFO: Epoch 5/15
2019-05-02 15:17:35,262:INFO: - Train metrics: accuracy: 0.000 ; loss: 1.073
2019-05-02 15:17:35,906:INFO: - Eval metrics: accuracy: 0.000 ; loss: 0.165
2019-05-02 15:17:36,493:INFO: - Found new best accuracy, saving in C:\Users\DamonChang\Desktop\KETI_pose\edm2d\experiments\base_model\best_weights\after-epoch-5
2019-05-02 15:17:36,494:INFO: Epoch 6/15
2019-05-02 15:17:36,552:INFO: - Train metrics: accuracy: 0.000 ; loss: 0.593
2019-05-02 15:17:37,246:INFO: - Eval metrics: accuracy: 0.000 ; loss: 0.155
2019-05-02 15:17:37,869:INFO: - Found new best accuracy, saving in C:\Users\DamonChang\Desktop\KETI_pose\edm2d\experiments\base_model\best_weights\after-epoch-6
2019-05-02 15:17:37,870:INFO: Epoch 7/15
2019-05-02 15:17:37,927:INFO: - Train metrics: accuracy: 0.000 ; loss: 0.326
2019-05-02 15:17:38,575:INFO: - Eval metrics: accuracy: 0.000 ; loss: 0.144
2019-05-02 15:17:39,193:INFO: - Found new best accuracy, saving in C:\Users\DamonChang\Desktop\KETI_pose\edm2d\experiments\base_model\best_weights\after-epoch-7
2019-05-02 15:17:39,194:INFO: Epoch 8/15
2019-05-02 15:17:39,248:INFO: - Train metrics: accuracy: 0.000 ; loss: 0.269
2019-05-02 15:17:39,935:INFO: - Eval metrics: accuracy: 0.000 ; loss: 0.135
2019-05-02 15:17:40,502:INFO: - Found new best accuracy, saving in C:\Users\DamonChang\Desktop\KETI_pose\edm2d\experiments\base_model\best_weights\after-epoch-8
2019-05-02 15:17:40,503:INFO: Epoch 9/15
2019-05-02 15:17:40,558:INFO: - Train metrics: accuracy: 0.000 ; loss: 0.272
2019-05-02 15:17:41,236:INFO: - Eval metrics: accuracy: 0.000 ; loss: 0.127
2019-05-02 15:17:41,839:INFO: - Found new best accuracy, saving in C:\Users\DamonChang\Desktop\KETI_pose\edm2d\experiments\base_model\best_weights\after-epoch-9
2019-05-02 15:17:41,840:INFO: Epoch 10/15
2019-05-02 15:17:41,901:INFO: - Train metrics: accuracy: 0.000 ; loss: 0.247
2019-05-02 15:17:42,614:INFO: - Eval metrics: accuracy: 0.000 ; loss: 0.117
2019-05-02 15:17:43,204:INFO: - Found new best accuracy, saving in C:\Users\DamonChang\Desktop\KETI_pose\edm2d\experiments\base_model\best_weights\after-epoch-10
2019-05-02 15:17:43,205:INFO: Epoch 11/15
2019-05-02 15:17:43,262:INFO: - Train metrics: accuracy: 0.000 ; loss: 0.188
2019-05-02 15:17:43,932:INFO: - Eval metrics: accuracy: 0.000 ; loss: 0.105
2019-05-02 15:17:44,523:INFO: - Found new best accuracy, saving in C:\Users\DamonChang\Desktop\KETI_pose\edm2d\experiments\base_model\best_weights\after-epoch-11
2019-05-02 15:17:44,524:INFO: Epoch 12/15
2019-05-02 15:17:44,579:INFO: - Train metrics: accuracy: 0.000 ; loss: 0.127
2019-05-02 15:17:45,293:INFO: - Eval metrics: accuracy: 0.000 ; loss: 0.094
2019-05-02 15:17:45,862:INFO: - Found new best accuracy, saving in C:\Users\DamonChang\Desktop\KETI_pose\edm2d\experiments\base_model\best_weights\after-epoch-12
2019-05-02 15:17:45,863:INFO: Epoch 13/15
2019-05-02 15:17:45,921:INFO: - Train metrics: accuracy: 0.000 ; loss: 0.082
2019-05-02 15:17:46,601:INFO: - Eval metrics: accuracy: 0.000 ; loss: 0.084
2019-05-02 15:17:47,219:INFO: - Found new best accuracy, saving in C:\Users\DamonChang\Desktop\KETI_pose\edm2d\experiments\base_model\best_weights\after-epoch-13
2019-05-02 15:17:47,220:INFO: Epoch 14/15
2019-05-02 15:17:47,277:INFO: - Train metrics: accuracy: 0.000 ; loss: 0.059
2019-05-02 15:17:47,937:INFO: - Eval metrics: accuracy: 0.000 ; loss: 0.078
2019-05-02 15:17:48,552:INFO: - Found new best accuracy, saving in C:\Users\DamonChang\Desktop\KETI_pose\edm2d\experiments\base_model\best_weights\after-epoch-14
2019-05-02 15:17:48,553:INFO: Epoch 15/15
2019-05-02 15:17:48,606:INFO: - Train metrics: accuracy: 0.000 ; loss: 0.052
2019-05-02 15:17:49,290:INFO: - Eval metrics: accuracy: 0.000 ; loss: 0.074
2019-05-02 15:17:49,895:INFO: - Found new best accuracy, saving in C:\Users\DamonChang\Desktop\KETI_pose\edm2d\experiments\base_model\best_weights\after-epoch-15
2019-05-02 15:33:06,551:INFO: Creating the datasets...
2019-05-02 15:34:50,566:INFO: Creating the datasets...
2019-05-02 15:36:16,865:INFO: Creating the datasets...
2019-05-02 15:36:31,157:INFO: Creating the datasets...
2019-05-02 15:37:49,342:INFO: Creating the datasets...
2019-05-02 15:58:56,297:INFO: Creating the datasets...
2019-05-02 15:59:19,479:INFO: Creating the model...
2019-05-02 15:59:20,075:INFO: Starting training for 15 epoch(s)
2019-05-02 16:00:04,478:INFO: Epoch 1/15
2019-05-02 16:11:29,427:INFO: - Train metrics: accuracy: 0.000 ; loss: 0.003
2019-05-02 16:18:10,340:INFO: - Eval metrics: accuracy: 0.000 ; loss: 0.004
2019-05-02 16:22:29,747:INFO: Creating the datasets...
2019-05-02 16:22:31,905:INFO: Creating the model...
2019-05-02 16:22:32,576:INFO: Starting training for 15 epoch(s)
2019-05-02 16:22:36,178:INFO: Epoch 1/15
2019-05-02 16:22:37,844:INFO: - Train metrics: accuracy: 0.000000 ; loss: 2.655624
2019-05-02 16:22:39,049:INFO: - Eval metrics: accuracy: 0.000000 ; loss: 0.183249
2019-05-02 16:22:39,761:INFO: - Found new best accuracy, saving in C:\Users\DamonChang\Desktop\KETI_pose\edm2d\experiments\base_model\best_weights\after-epoch-1
2019-05-02 16:22:39,764:INFO: Epoch 2/15
2019-05-02 16:22:39,958:INFO: - Train metrics: accuracy: 0.000000 ; loss: 1.148731
2019-05-02 16:22:40,935:INFO: - Eval metrics: accuracy: 0.000000 ; loss: 0.199309
2019-05-02 16:22:41,623:INFO: - Found new best accuracy, saving in C:\Users\DamonChang\Desktop\KETI_pose\edm2d\experiments\base_model\best_weights\after-epoch-2
2019-05-02 16:22:41,625:INFO: Epoch 3/15
2019-05-02 16:22:41,822:INFO: - Train metrics: accuracy: 0.000000 ; loss: 1.251287
2019-05-02 16:22:42,807:INFO: - Eval metrics: accuracy: 0.000000 ; loss: 0.208986
2019-05-02 16:22:43,513:INFO: - Found new best accuracy, saving in C:\Users\DamonChang\Desktop\KETI_pose\edm2d\experiments\base_model\best_weights\after-epoch-3
2019-05-02 16:22:43,514:INFO: Epoch 4/15
2019-05-02 16:22:43,701:INFO: - Train metrics: accuracy: 0.000000 ; loss: 0.584104
2019-05-02 16:22:44,702:INFO: - Eval metrics: accuracy: 0.000000 ; loss: 0.190798
2019-05-02 16:22:45,365:INFO: - Found new best accuracy, saving in C:\Users\DamonChang\Desktop\KETI_pose\edm2d\experiments\base_model\best_weights\after-epoch-4
2019-05-02 16:22:45,366:INFO: Epoch 5/15
2019-05-02 16:22:45,555:INFO: - Train metrics: accuracy: 0.000000 ; loss: 0.313649
2019-05-02 16:22:46,564:INFO: - Eval metrics: accuracy: 0.000000 ; loss: 0.155034
2019-05-02 16:22:47,254:INFO: - Found new best accuracy, saving in C:\Users\DamonChang\Desktop\KETI_pose\edm2d\experiments\base_model\best_weights\after-epoch-5
2019-05-02 16:22:47,255:INFO: Epoch 6/15
2019-05-02 16:22:47,443:INFO: - Train metrics: accuracy: 0.000000 ; loss: 0.289746
2019-05-02 16:22:48,447:INFO: - Eval metrics: accuracy: 0.000000 ; loss: 0.138433
2019-05-02 16:22:49,133:INFO: - Found new best accuracy, saving in C:\Users\DamonChang\Desktop\KETI_pose\edm2d\experiments\base_model\best_weights\after-epoch-6
2019-05-02 16:22:49,134:INFO: Epoch 7/15
2019-05-02 16:22:49,337:INFO: - Train metrics: accuracy: 0.000000 ; loss: 0.275962
2019-05-02 16:22:50,365:INFO: - Eval metrics: accuracy: 0.000000 ; loss: 0.122785
2019-05-02 16:22:51,007:INFO: - Found new best accuracy, saving in C:\Users\DamonChang\Desktop\KETI_pose\edm2d\experiments\base_model\best_weights\after-epoch-7
2019-05-02 16:22:51,008:INFO: Epoch 8/15
2019-05-02 16:22:51,204:INFO: - Train metrics: accuracy: 0.000000 ; loss: 0.181202
2019-05-02 16:22:52,201:INFO: - Eval metrics: accuracy: 0.000000 ; loss: 0.107530
2019-05-02 16:22:52,870:INFO: - Found new best accuracy, saving in C:\Users\DamonChang\Desktop\KETI_pose\edm2d\experiments\base_model\best_weights\after-epoch-8
2019-05-02 16:22:52,871:INFO: Epoch 9/15
2019-05-02 16:22:53,080:INFO: - Train metrics: accuracy: 0.000000 ; loss: 0.116067
2019-05-02 16:22:54,077:INFO: - Eval metrics: accuracy: 0.000000 ; loss: 0.096988
2019-05-02 16:22:54,740:INFO: - Found new best accuracy, saving in C:\Users\DamonChang\Desktop\KETI_pose\edm2d\experiments\base_model\best_weights\after-epoch-9
2019-05-02 16:22:54,741:INFO: Epoch 10/15
2019-05-02 16:22:54,952:INFO: - Train metrics: accuracy: 0.000000 ; loss: 0.093398
2019-05-02 16:22:55,984:INFO: - Eval metrics: accuracy: 0.000000 ; loss: 0.081907
2019-05-02 16:22:56,615:INFO: - Found new best accuracy, saving in C:\Users\DamonChang\Desktop\KETI_pose\edm2d\experiments\base_model\best_weights\after-epoch-10
2019-05-02 16:22:56,617:INFO: Epoch 11/15
2019-05-02 16:22:56,808:INFO: - Train metrics: accuracy: 0.000000 ; loss: 0.080314
2019-05-02 16:22:57,795:INFO: - Eval metrics: accuracy: 0.000000 ; loss: 0.065966
2019-05-02 16:22:58,471:INFO: - Found new best accuracy, saving in C:\Users\DamonChang\Desktop\KETI_pose\edm2d\experiments\base_model\best_weights\after-epoch-11
2019-05-02 16:22:58,473:INFO: Epoch 12/15
2019-05-02 16:22:58,679:INFO: - Train metrics: accuracy: 0.000000 ; loss: 0.071617
2019-05-02 16:22:59,668:INFO: - Eval metrics: accuracy: 0.000000 ; loss: 0.054483
2019-05-02 16:23:00,335:INFO: - Found new best accuracy, saving in C:\Users\DamonChang\Desktop\KETI_pose\edm2d\experiments\base_model\best_weights\after-epoch-12
2019-05-02 16:23:00,336:INFO: Epoch 13/15
2019-05-02 16:23:00,529:INFO: - Train metrics: accuracy: 0.000000 ; loss: 0.068779
2019-05-02 16:23:01,544:INFO: - Eval metrics: accuracy: 0.000000 ; loss: 0.046252
2019-05-02 16:23:02,222:INFO: - Found new best accuracy, saving in C:\Users\DamonChang\Desktop\KETI_pose\edm2d\experiments\base_model\best_weights\after-epoch-13
2019-05-02 16:23:02,223:INFO: Epoch 14/15
2019-05-02 16:23:02,428:INFO: - Train metrics: accuracy: 0.000000 ; loss: 0.063385
2019-05-02 16:23:03,438:INFO: - Eval metrics: accuracy: 0.000000 ; loss: 0.040726
2019-05-02 16:23:04,081:INFO: - Found new best accuracy, saving in C:\Users\DamonChang\Desktop\KETI_pose\edm2d\experiments\base_model\best_weights\after-epoch-14
2019-05-02 16:23:04,082:INFO: Epoch 15/15
2019-05-02 16:23:04,292:INFO: - Train metrics: accuracy: 0.000000 ; loss: 0.056761
2019-05-02 16:23:05,270:INFO: - Eval metrics: accuracy: 0.000000 ; loss: 0.038959
2019-05-02 16:23:05,928:INFO: - Found new best accuracy, saving in C:\Users\DamonChang\Desktop\KETI_pose\edm2d\experiments\base_model\best_weights\after-epoch-15
2019-05-02 16:23:38,331:INFO: Creating the datasets...
2019-05-02 16:24:01,531:INFO: Creating the model...
2019-05-02 16:24:02,192:INFO: Starting training for 15 epoch(s)
2019-05-02 16:24:47,043:INFO: Epoch 1/15
2019-05-02 16:35:53,784:INFO: - Train metrics: accuracy: 0.000000 ; loss: 0.007896
2019-05-02 16:42:33,162:INFO: - Eval metrics: accuracy: 0.000000 ; loss: 0.003062
2019-05-02 16:42:45,694:INFO: - Found new best accuracy, saving in C:\Users\DamonChang\Desktop\KETI_pose\edm2d\experiments\base_model\best_weights\after-epoch-1
2019-05-02 16:42:45,697:INFO: Epoch 2/15
2019-05-02 16:53:23,018:INFO: - Train metrics: accuracy: 0.000000 ; loss: 0.002384
